<?xml version="1.0" encoding="UTF-8"?>
<testng-results skipped="0" failed="0" ignored="0" total="2" passed="2">
  <reporter-output>
  </reporter-output>
  <suite name="Default suite" duration-ms="15472" started-at="2022-05-16T16:24:09Z" finished-at="2022-05-16T16:24:24Z">
    <groups>
    </groups>
    <test name="Default test" duration-ms="15472" started-at="2022-05-16T16:24:09Z" finished-at="2022-05-16T16:24:24Z">
      <class name="org.browsertest.Browser">
        <test-method status="PASS" signature="login(java.lang.String, java.lang.String)[pri:0, instance:org.browsertest.Browser@77cd7a0]" name="login" duration-ms="9159" started-at="2022-05-16T16:24:09Z" data-provider="getData" finished-at="2022-05-16T16:24:18Z">
          <params>
            <param index="0">
              <value>
                <![CDATA[koushik350@gmail.com]]>
              </value>
            </param>
            <param index="1">
              <value>
                <![CDATA[Pass123$]]>
              </value>
            </param>
          </params>
          <reporter-output>
          </reporter-output>
        </test-method> <!-- login -->
        <test-method status="PASS" signature="login(java.lang.String, java.lang.String)[pri:0, instance:org.browsertest.Browser@77cd7a0]" name="login" duration-ms="6274" started-at="2022-05-16T16:24:18Z" data-provider="getData" finished-at="2022-05-16T16:24:24Z">
          <params>
            <param index="0">
              <value>
                <![CDATA[vallideva86]]>
              </value>
            </param>
            <param index="1">
              <value>
                <![CDATA[data123$]]>
              </value>
            </param>
          </params>
          <reporter-output>
          </reporter-output>
        </test-method> <!-- login -->
      </class> <!-- org.browsertest.Browser -->
    </test> <!-- Default test -->
  </suite> <!-- Default suite -->
</testng-results>
